<?xml version="1.0" encoding="UTF-8"?>
<testng-results ignored="0" total="1" passed="0" failed="1" skipped="0">
  <reporter-output>
    <line>
      <![CDATA[Test failed]]>
    </line>
  </reporter-output>
  <suite started-at="2024-12-04T15:17:35 CET" name="Default suite" finished-at="2024-12-04T15:17:44 CET" duration-ms="8441">
    <groups>
    </groups>
    <test started-at="2024-12-04T15:17:35 CET" name="Default test" finished-at="2024-12-04T15:17:44 CET" duration-ms="8441">
      <class name="testCases.Testcase3">
        <test-method is-config="true" signature="login()[pri:0, instance:testCases.Testcase3@2f7c2f4f]" started-at="2024-12-04T15:17:35 CET" name="login" finished-at="2024-12-04T15:17:39 CET" duration-ms="3661" status="PASS">
          <reporter-output>
          </reporter-output>
        </test-method> <!-- login -->
        <test-method signature="editdemo()[pri:0, instance:testCases.Testcase3@2f7c2f4f]" started-at="2024-12-04T15:17:39 CET" name="editdemo" finished-at="2024-12-04T15:17:43 CET" duration-ms="4130" status="FAIL">
          <exception class="org.openqa.selenium.ElementNotInteractableException">
            <message>
              <![CDATA[element not interactable
  (Session info: chrome=131.0.6778.108)
Build info: version: '4.26.0', revision: '8ccf0219d7'
System info: os.name: 'Mac OS X', os.arch: 'aarch64', os.version: '15.1.1', java.version: '22.0.1'
Driver info: org.openqa.selenium.chrome.ChromeDriver
Command: [6efd3d03acada46b5a366021cf9a3ed2, clickElement {id=f.2F4C9260CA7E2A939F19C8081C238B63.d.9B44521CBCF857DDC75EBD5BF276B77A.e.221}]
Capabilities {acceptInsecureCerts: false, browserName: chrome, browserVersion: 131.0.6778.108, chrome: {chromedriverVersion: 131.0.6778.87 (ce31cae94873..., userDataDir: /var/folders/1_/pn9x8w4j10b...}, fedcm:accounts: true, goog:chromeOptions: {debuggerAddress: localhost:57032}, networkConnectionEnabled: false, pageLoadStrategy: normal, platformName: mac, proxy: Proxy(), se:cdp: ws://localhost:57032/devtoo..., se:cdpVersion: 131.0.6778.108, setWindowRect: true, strictFileInteractability: false, timeouts: {implicit: 0, pageLoad: 300000, script: 30000}, unhandledPromptBehavior: dismiss and notify, webauthn:extension:credBlob: true, webauthn:extension:largeBlob: true, webauthn:extension:minPinLength: true, webauthn:extension:prf: true, webauthn:virtualAuthenticators: true}
Element: [[ChromeDriver: chrome on mac (6efd3d03acada46b5a366021cf9a3ed2)] -> xpath: //span[.="Your Account"]]
Session ID: 6efd3d03acada46b5a366021cf9a3ed2]]>
            </message>
            <full-stacktrace>
              <![CDATA[org.openqa.selenium.ElementNotInteractableException: element not interactable
  (Session info: chrome=131.0.6778.108)
Build info: version: '4.26.0', revision: '8ccf0219d7'
System info: os.name: 'Mac OS X', os.arch: 'aarch64', os.version: '15.1.1', java.version: '22.0.1'
Driver info: org.openqa.selenium.chrome.ChromeDriver
Command: [6efd3d03acada46b5a366021cf9a3ed2, clickElement {id=f.2F4C9260CA7E2A939F19C8081C238B63.d.9B44521CBCF857DDC75EBD5BF276B77A.e.221}]
Capabilities {acceptInsecureCerts: false, browserName: chrome, browserVersion: 131.0.6778.108, chrome: {chromedriverVersion: 131.0.6778.87 (ce31cae94873..., userDataDir: /var/folders/1_/pn9x8w4j10b...}, fedcm:accounts: true, goog:chromeOptions: {debuggerAddress: localhost:57032}, networkConnectionEnabled: false, pageLoadStrategy: normal, platformName: mac, proxy: Proxy(), se:cdp: ws://localhost:57032/devtoo..., se:cdpVersion: 131.0.6778.108, setWindowRect: true, strictFileInteractability: false, timeouts: {implicit: 0, pageLoad: 300000, script: 30000}, unhandledPromptBehavior: dismiss and notify, webauthn:extension:credBlob: true, webauthn:extension:largeBlob: true, webauthn:extension:minPinLength: true, webauthn:extension:prf: true, webauthn:virtualAuthenticators: true}
Element: [[ChromeDriver: chrome on mac (6efd3d03acada46b5a366021cf9a3ed2)] -> xpath: //span[.="Your Account"]]
Session ID: 6efd3d03acada46b5a366021cf9a3ed2
at java.base/jdk.internal.reflect.DirectConstructorHandleAccessor.newInstance(DirectConstructorHandleAccessor.java:62)
at java.base/java.lang.reflect.Constructor.newInstanceWithCaller(Constructor.java:502)
at java.base/java.lang.reflect.Constructor.newInstance(Constructor.java:486)
at org.openqa.selenium.remote.ErrorCodec.decode(ErrorCodec.java:167)
at org.openqa.selenium.remote.codec.w3c.W3CHttpResponseCodec.decode(W3CHttpResponseCodec.java:138)
at org.openqa.selenium.remote.codec.w3c.W3CHttpResponseCodec.decode(W3CHttpResponseCodec.java:50)
at org.openqa.selenium.remote.HttpCommandExecutor.execute(HttpCommandExecutor.java:190)
at org.openqa.selenium.remote.service.DriverCommandExecutor.invokeExecute(DriverCommandExecutor.java:216)
at org.openqa.selenium.remote.service.DriverCommandExecutor.execute(DriverCommandExecutor.java:174)
at org.openqa.selenium.remote.RemoteWebDriver.execute(RemoteWebDriver.java:545)
at org.openqa.selenium.remote.RemoteWebElement.execute(RemoteWebElement.java:223)
at org.openqa.selenium.remote.RemoteWebElement.click(RemoteWebElement.java:76)
at java.base/jdk.internal.reflect.DirectMethodHandleAccessor.invoke(DirectMethodHandleAccessor.java:103)
at java.base/java.lang.reflect.Method.invoke(Method.java:580)
at org.openqa.selenium.support.pagefactory.internal.LocatingElementHandler.invoke(LocatingElementHandler.java:51)
at jdk.proxy2/jdk.proxy2.$Proxy13.click(Unknown Source)
at ECommercesrc.Profile_edit.youraccount(Profile_edit.java:32)
at testCases.Testcase3.editdemo(Testcase3.java:42)
at java.base/jdk.internal.reflect.DirectMethodHandleAccessor.invoke(DirectMethodHandleAccessor.java:103)
at java.base/java.lang.reflect.Method.invoke(Method.java:580)
at org.testng.internal.MethodInvocationHelper.invokeMethod(MethodInvocationHelper.java:133)
at org.testng.internal.TestInvoker.invokeMethod(TestInvoker.java:598)
at org.testng.internal.TestInvoker.invokeTestMethod(TestInvoker.java:173)
at org.testng.internal.MethodRunner.runInSequence(MethodRunner.java:46)
at org.testng.internal.TestInvoker$MethodInvocationAgent.invoke(TestInvoker.java:824)
at org.testng.internal.TestInvoker.invokeTestMethods(TestInvoker.java:146)
at org.testng.internal.TestMethodWorker.invokeTestMethods(TestMethodWorker.java:146)
at org.testng.internal.TestMethodWorker.run(TestMethodWorker.java:128)
at java.base/java.util.ArrayList.forEach(ArrayList.java:1597)
at org.testng.TestRunner.privateRun(TestRunner.java:794)
at org.testng.TestRunner.run(TestRunner.java:596)
at org.testng.SuiteRunner.runTest(SuiteRunner.java:377)
at org.testng.SuiteRunner.runSequentially(SuiteRunner.java:371)
at org.testng.SuiteRunner.privateRun(SuiteRunner.java:332)
at org.testng.SuiteRunner.run(SuiteRunner.java:276)
at org.testng.SuiteRunnerWorker.runSuite(SuiteRunnerWorker.java:53)
at org.testng.SuiteRunnerWorker.run(SuiteRunnerWorker.java:96)
at org.testng.TestNG.runSuitesSequentially(TestNG.java:1212)
at org.testng.TestNG.runSuitesLocally(TestNG.java:1134)
at org.testng.TestNG.runSuites(TestNG.java:1063)
at org.testng.TestNG.run(TestNG.java:1031)
at org.testng.remote.AbstractRemoteTestNG.run(AbstractRemoteTestNG.java:115)
at org.testng.remote.RemoteTestNG.initAndRun(RemoteTestNG.java:293)
at org.testng.remote.RemoteTestNG.main(RemoteTestNG.java:91)
]]>
            </full-stacktrace>
          </exception> <!-- org.openqa.selenium.ElementNotInteractableException -->
          <reporter-output>
            <line>
              <![CDATA[Test failed]]>
            </line>
          </reporter-output>
        </test-method> <!-- editdemo -->
      </class> <!-- testCases.Testcase3 -->
    </test> <!-- Default test -->
  </suite> <!-- Default suite -->
</testng-results>
